<?xml version="1.0" encoding="UTF-8"?>
<robot generator="Robot 5.0.1 (Python 3.10.6 on win32)" generated="20220906 13:59:24.732" rpa="false" schemaversion="3">
<suite id="s1" name="Yt Robotframework" source="C:\Users\danie\PycharmProjects\task_5_robot\yt_robotframework">
<suite id="s1-s1" name="Test All Testcases" source="C:\Users\danie\PycharmProjects\task_5_robot\yt_robotframework\test_all_testcases.robot">
<test id="s1-s1-t1" name="Login to the system with invalid credential" line="65">
<kw name="Open login page">
<kw name="Open Browser" library="SeleniumLibrary">
<arg>${LOGIN URL}</arg>
<arg>${BROWSER}</arg>
<doc>Opens a new browser instance to the optional ``url``.</doc>
<msg timestamp="20220906 13:59:25.174" level="INFO">Opening browser 'Chrome' to base url 'https://scouts-test.futbolkolektyw.pl/en'.</msg>
<status status="PASS" starttime="20220906 13:59:25.174" endtime="20220906 13:59:28.900"/>
</kw>
<kw name="Title Should Be" library="SeleniumLibrary">
<arg>Scouts panel - sign in</arg>
<doc>Verifies that the current page title equals ``title``.</doc>
<msg timestamp="20220906 13:59:28.908" level="INFO">Page title is 'Scouts panel - sign in'.</msg>
<status status="PASS" starttime="20220906 13:59:28.900" endtime="20220906 13:59:28.909"/>
</kw>
<status status="PASS" starttime="20220906 13:59:25.174" endtime="20220906 13:59:28.909"/>
</kw>
<kw name="Type in invalid email">
<kw name="Input Text" library="SeleniumLibrary">
<arg>${EMAILINPUT}</arg>
<arg>example@example.com</arg>
<doc>Types the given ``text`` into the text field identified by ``locator``.</doc>
<msg timestamp="20220906 13:59:28.911" level="INFO">Typing text 'example@example.com' into text field 'xpath=//*[@id='login']'.</msg>
<status status="PASS" starttime="20220906 13:59:28.910" endtime="20220906 13:59:29.203"/>
</kw>
<status status="PASS" starttime="20220906 13:59:28.909" endtime="20220906 13:59:29.203"/>
</kw>
<kw name="Type in invalid password">
<kw name="Input Text" library="SeleniumLibrary">
<arg>${PASSWORDINPUT}</arg>
<arg>***</arg>
<doc>Types the given ``text`` into the text field identified by ``locator``.</doc>
<msg timestamp="20220906 13:59:29.204" level="INFO">Typing text '***' into text field 'xpath=//*[@id='password']'.</msg>
<status status="PASS" starttime="20220906 13:59:29.204" endtime="20220906 13:59:29.325"/>
</kw>
<status status="PASS" starttime="20220906 13:59:29.203" endtime="20220906 13:59:29.325"/>
</kw>
<kw name="Click on the submit button">
<kw name="Click Element" library="SeleniumLibrary">
<arg>${SIGNINBUTTON}</arg>
<doc>Click the element identified by ``locator``.</doc>
<msg timestamp="20220906 13:59:29.326" level="INFO">Clicking element 'xpath=//*[text()='Sign in']'.</msg>
<status status="PASS" starttime="20220906 13:59:29.326" endtime="20220906 13:59:29.383"/>
</kw>
<status status="PASS" starttime="20220906 13:59:29.326" endtime="20220906 13:59:29.383"/>
</kw>
<kw name="Assert Login Error">
<kw name="Sleep" library="BuiltIn">
<arg>3s</arg>
<doc>Pauses the test executed for the given time.</doc>
<msg timestamp="20220906 13:59:32.394" level="INFO">Slept 3 seconds</msg>
<status status="PASS" starttime="20220906 13:59:29.384" endtime="20220906 13:59:32.394"/>
</kw>
<kw name="Get Element Attribute" library="SeleniumLibrary">
<var>${email_class}</var>
<arg>xpath=//form//div/span</arg>
<arg>class</arg>
<doc>Returns the value of ``attribute`` from the element ``locator``.</doc>
<msg timestamp="20220906 13:59:32.419" level="INFO">${email_class} = MuiTypography-root MuiTypography-caption MuiTypography-colorError MuiTypography-gutterBottom</msg>
<status status="PASS" starttime="20220906 13:59:32.394" endtime="20220906 13:59:32.419"/>
</kw>
<kw name="Should Contain" library="BuiltIn">
<arg>${email_class}</arg>
<arg>Error</arg>
<doc>Fails if ``container`` does not contain ``item`` one or more times.</doc>
<status status="PASS" starttime="20220906 13:59:32.419" endtime="20220906 13:59:32.420"/>
</kw>
<status status="PASS" starttime="20220906 13:59:29.383" endtime="20220906 13:59:32.420"/>
</kw>
<kw name="Close Browser" library="SeleniumLibrary" type="TEARDOWN">
<doc>Closes the current browser.</doc>
<status status="PASS" starttime="20220906 13:59:32.420" endtime="20220906 13:59:34.561"/>
</kw>
<status status="PASS" starttime="20220906 13:59:25.172" endtime="20220906 13:59:34.561"/>
</test>
<doc>Suite description #automated tests for scout website</doc>
<status status="PASS" starttime="20220906 13:59:24.773" endtime="20220906 13:59:34.564"/>
</suite>
<status status="PASS" starttime="20220906 13:59:24.735" endtime="20220906 13:59:34.568"/>
</suite>
<statistics>
<total>
<stat pass="1" fail="0" skip="0">All Tests</stat>
</total>
<tag>
</tag>
<suite>
<stat pass="1" fail="0" skip="0" id="s1" name="Yt Robotframework">Yt Robotframework</stat>
<stat pass="1" fail="0" skip="0" id="s1-s1" name="Test All Testcases">Yt Robotframework.Test All Testcases</stat>
</suite>
</statistics>
<errors>
</errors>
</robot>
